#
# A fatal error has been detected by the Java Runtime Environment:
#
#  EXCEPTION_ACCESS_VIOLATION (0xc0000005) at pc=0x00007ff9f5011bd1, pid=10164, tid=9740
#
# JRE version: Java(TM) SE Runtime Environment (17.0.1+12) (build 17.0.1+12-LTS-39)
# Java VM: Java HotSpot(TM) 64-Bit Server VM (17.0.1+12-LTS-39, mixed mode, sharing, tiered, compressed oops, compressed class ptrs, g1 gc, windows-amd64)
# Problematic frame:
# V  [jvm.dll+0x791bd1]
#
# No core dump will be written. Minidumps are not enabled by default on client versions of Windows
#
# If you would like to submit a bug report, please visit:
#   https://bugreport.java.com/bugreport/crash.jsp
#

---------------  S U M M A R Y ------------

Command Line: -Dclassworlds.conf=C:\Program Files\NetBeans-12.5\netbeans\java\maven\bin\..\bin\m2.conf -Dmaven.home=C:\Program Files\NetBeans-12.5\netbeans\java\maven\bin\.. -Dlibrary.jansi.path=C:\Program Files\NetBeans-12.5\netbeans\java\maven\bin\..\lib\jansi-native -Dmaven.multiModuleProjectDirectory=C:\Users\alex_\Documents\NetBeansProjects\POO\mavenproject1 org.codehaus.plexus.classworlds.launcher.Launcher -Dexec.vmArgs= -Dexec.args=${exec.vmArgs} -classpath %classpath ${exec.mainClass} ${exec.appArgs} -Dexec.appArgs= -Dexec.mainClass=Main.main -Dexec.executable=C:\Program Files\Java\jdk-17.0.1\bin\java.exe -Dmaven.ext.class.path=C:\Program Files\NetBeans-12.5\netbeans\java\maven-nblib\netbeans-eventspy.jar -Dfile.encoding=UTF-8 org.codehaus.mojo:exec-maven-plugin:3.0.0:exec

Host: Intel(R) Core(TM) i7-3770 CPU @ 3.40GHz, 8 cores, 7G,  Windows 10 , 64 bit Build 19041 (10.0.19041.1348)
Time: Sat Dec  4 10:53:22 2021 Hora est. Pacífico, Sudamérica elapsed time: 23.685832 seconds (0d 0h 0m 23s)

---------------  T H R E A D  ---------------

Current thread (0x000001bbc81bc100):  JavaThread "C2 CompilerThread1" daemon [_thread_in_native, id=9740, stack(0x0000005aaaf00000,0x0000005aab000000)]


Current CompileTask:
C2:  23685 3009       4       java.lang.String::valueOf (39 bytes)

Stack: [0x0000005aaaf00000,0x0000005aab000000],  sp=0x0000005aaaffcd80,  free space=1011k
Native frames: (J=compiled Java code, j=interpreted, Vv=VM code, C=native code)
V  [jvm.dll+0x791bd1]
V  [jvm.dll+0x29ec2b]
V  [jvm.dll+0x29e9a4]
V  [jvm.dll+0x791f70]
V  [jvm.dll+0x79267d]
V  [jvm.dll+0x343164]
V  [jvm.dll+0x2a86bc]
V  [jvm.dll+0x687ddb]
V  [jvm.dll+0x67fddb]
V  [jvm.dll+0x67f417]
V  [jvm.dll+0x67d312]
V  [jvm.dll+0x1a483c]
V  [jvm.dll+0x2a8714]
V  [jvm.dll+0x687ddb]
V  [jvm.dll+0x67fddb]
V  [jvm.dll+0x67f417]
V  [jvm.dll+0x67d312]
V  [jvm.dll+0x1a483c]
V  [jvm.dll+0x214c18]
V  [jvm.dll+0x1a168d]
V  [jvm.dll+0x224848]
V  [jvm.dll+0x2229ac]
V  [jvm.dll+0x78435b]
V  [jvm.dll+0x77e91a]
V  [jvm.dll+0x66e845]
C  [ucrtbase.dll+0x21bb2]
C  [KERNEL32.DLL+0x17034]
C  [ntdll.dll+0x52651]


siginfo: EXCEPTION_ACCESS_VIOLATION (0xc0000005), reading address 0x0000100000000000


Register to memory mapping:

RIP=0x00007ff9f5011bd1 jvm.dll
RAX=0x00007ff9f51dadc0 jvm.dll
RBX=0x000001bbc6fc74e8 points into unknown readable memory: 0x00007ff9f51dadc0 | c0 ad 1d f5 f9 7f 00 00
RCX=0x0000100000000000 is an unknown value
RDX=0x0000000000000001 is an unknown value
RSP=0x0000005aaaffcd80 is pointing into the stack for thread: 0x000001bbc81bc100
RBP=0x000001bbc6fc74e8 points into unknown readable memory: 0x00007ff9f51dadc0 | c0 ad 1d f5 f9 7f 00 00
RSI=0x0 is NULL
RDI=0x0 is NULL
R8 =0x000001bbc7eff2c0 points into unknown readable memory: 0x000001bbc6fc7308 | 08 73 fc c6 bb 01 00 00
R9 =0x0000000000000008 is an unknown value
R10=0x0000000000000001 is an unknown value
R11=0x000001bbc6fc6808 points into unknown readable memory: 0x00007ff9f51da438 | 38 a4 1d f5 f9 7f 00 00
R12=0x000000000000006c is an unknown value
R13=0x000001bbc7f02708 points into unknown readable memory: 0x000000100000000a | 0a 00 00 00 10 00 00 00
R14=0x0 is NULL
R15=0x000001bbc895bd40 points into unknown readable memory: 0x0000005aaaffec18 | 18 ec ff aa 5a 00 00 00


Registers:
RAX=0x00007ff9f51dadc0, RBX=0x000001bbc6fc74e8, RCX=0x0000100000000000, RDX=0x0000000000000001
RSP=0x0000005aaaffcd80, RBP=0x000001bbc6fc74e8, RSI=0x0000000000000000, RDI=0x0000000000000000
R8 =0x000001bbc7eff2c0, R9 =0x0000000000000008, R10=0x0000000000000001, R11=0x000001bbc6fc6808
R12=0x000000000000006c, R13=0x000001bbc7f02708, R14=0x0000000000000000, R15=0x000001bbc895bd40
RIP=0x00007ff9f5011bd1, EFLAGS=0x0000000000010206

Top of Stack: (sp=0x0000005aaaffcd80)
0x0000005aaaffcd80:   000001bbc7efd760 0000005aaaffec18
0x0000005aaaffcd90:   0000000000000020 0000000000007fd8
0x0000005aaaffcda0:   000001bbc7f03dc8 00007ff9f4b1ec2b
0x0000005aaaffcdb0:   0000000000000000 0000000000000000
0x0000005aaaffcdc0:   0000000000000020 0000000000000001
0x0000005aaaffcdd0:   000001bb00000000 000001bbffffffff
0x0000005aaaffcde0:   0000000000000000 0000000000000001
0x0000005aaaffcdf0:   000001bbc895bd40 000001bbc7f026e0
0x0000005aaaffce00:   000001bbc7f026e0 00000000a9ea09c6
0x0000005aaaffce10:   000001bbc7efe3c0 00007ff9f4b1e9a4
0x0000005aaaffce20:   0000000000000000 0000000000000100
0x0000005aaaffce30:   00000000000006c0 0000000000000000
0x0000005aaaffce40:   0000000000000005 00007ff9f5010927
0x0000005aaaffce50:   0000000000000018 0000000000000048
0x0000005aaaffce60:   00000000fffffffc 0000000000000000
0x0000005aaaffce70:   000001bbc7925850 00007ff9f5011f70 

Instructions: (pc=0x00007ff9f5011bd1)
0x00007ff9f5011ad1:   00 c3 48 8b 05 9e ce 38 00 c3 48 63 49 20 e9 dc
0x00007ff9f5011ae1:   13 00 00 41 8d 40 f4 83 f8 01 76 09 4b 8b 84 c1
0x00007ff9f5011af1:   20 ea b1 00 c3 45 33 c0 b2 01 e9 00 23 00 00 d3
0x00007ff9f5011b01:   1a 79 00 e4 1a 79 00 e4 1a 79 00 cb 1a 79 00 d3
0x00007ff9f5011b11:   1a 79 00 e4 1a 79 00 e4 1a 79 00 e4 1a 79 00 e4
0x00007ff9f5011b21:   1a 79 00 d3 1a 79 00 db 1a 79 00 e4 1a 79 00 e4
0x00007ff9f5011b31:   1a 79 00 e4 1a 79 00 c3 1a 79 00 cc cc cc cc 8b
0x00007ff9f5011b41:   41 10 83 f8 1b 74 2c 83 f8 08 75 24 44 8b 41 18
0x00007ff9f5011b51:   33 c0 45 85 c0 74 19 4c 8b 49 20 0f 1f 40 00 49
0x00007ff9f5011b61:   8b 14 c1 83 7a 10 1b 74 0a ff c0 41 3b c0 72 ef
0x00007ff9f5011b71:   32 c0 c3 b0 01 c3 cc cc cc cc cc cc cc cc cc 0f
0x00007ff9f5011b81:   b6 41 28 f6 d8 1b c0 83 e0 2b 03 41 20 03 41 18
0x00007ff9f5011b91:   c3 cc cc cc cc cc cc cc cc cc cc cc cc cc cc 48
0x00007ff9f5011ba1:   89 5c 24 08 48 89 74 24 10 57 48 83 ec 20 48 8b
0x00007ff9f5011bb1:   d9 33 ff 48 8b 49 30 48 85 c9 74 09 e8 5e 06 a4
0x00007ff9f5011bc1:   ff 8b f0 eb 02 8b f7 48 8b 4b 18 48 85 c9 74 08
0x00007ff9f5011bd1:   48 8b 01 ff 50 50 8b f8 0f b6 43 40 03 43 48 03
0x00007ff9f5011be1:   43 44 03 43 28 03 43 24 03 43 20 48 8b 5c 24 30
0x00007ff9f5011bf1:   03 c6 48 8b 74 24 38 03 c7 48 83 c4 20 5f c3 8b
0x00007ff9f5011c01:   41 20 03 41 18 c3 cc cc cc cc cc cc cc cc cc 48
0x00007ff9f5011c11:   89 5c 24 08 48 89 6c 24 10 48 89 74 24 18 57 48
0x00007ff9f5011c21:   83 ec 20 48 8b f9 33 f6 48 8b 49 30 48 85 c9 74
0x00007ff9f5011c31:   09 e8 e9 05 a4 ff 8b e8 eb 02 8b ee 48 8b 4f 18
0x00007ff9f5011c41:   48 85 c9 74 08 48 8b 01 ff 50 50 8b f0 0f b6 5f
0x00007ff9f5011c51:   40 48 8b cf 03 5f 44 03 5f 28 03 5f 24 03 5f 20
0x00007ff9f5011c61:   48 8b 07 03 dd 03 de ff 90 d8 00 00 00 48 8b c8
0x00007ff9f5011c71:   e8 5a 03 88 ff 48 8b 6c 24 38 48 8b 74 24 40 6b
0x00007ff9f5011c81:   c0 1f 03 c3 48 8b 5c 24 30 48 83 c4 20 5f c3 0f
0x00007ff9f5011c91:   bf 51 20 8b 41 18 03 51 1c 83 c0 03 03 c2 c3 48
0x00007ff9f5011ca1:   89 5c 24 08 57 48 83 ec 20 48 8b f9 48 8b 49 18
0x00007ff9f5011cb1:   48 85 c9 75 04 33 c0 eb 06 48 8b 01 ff 50 50 8b
0x00007ff9f5011cc1:   5f 28 03 5f 24 03 5f 20 48 8b 4f 30 03 d8 e8 fc 


Stack slot to memory mapping:
stack at sp + 0 slots: 0x000001bbc7efd760 points into unknown readable memory: 0x000000100000000b | 0b 00 00 00 10 00 00 00
stack at sp + 1 slots: 0x0000005aaaffec18 is pointing into the stack for thread: 0x000001bbc81bc100
stack at sp + 2 slots: 0x0000000000000020 is an unknown value
stack at sp + 3 slots: 0x0000000000007fd8 is an unknown value
stack at sp + 4 slots: 0x000001bbc7f03dc8 points into unknown readable memory: 0x0000000400000000 | 00 00 00 00 04 00 00 00
stack at sp + 5 slots: 0x00007ff9f4b1ec2b jvm.dll
stack at sp + 6 slots: 0x0 is NULL
stack at sp + 7 slots: 0x0 is NULL


---------------  P R O C E S S  ---------------

Threads class SMR info:
_java_thread_list=0x000001bbc8bb4b50, length=13, elements={
0x000001bba8eeebf0, 0x000001bbc6f3d380, 0x000001bbc6f3e100, 0x000001bbc6f53060,
0x000001bbc6f53b20, 0x000001bbc6f545e0, 0x000001bbc6f57ec0, 0x000001bbc6f598a0,
0x000001bbc6f5a250, 0x000001bbc6f5ab50, 0x000001bbc79e71f0, 0x000001bbc79ef6f0,
0x000001bbc81bc100
}

Java Threads: ( => current thread )
  0x000001bba8eeebf0 JavaThread "main" [_thread_blocked, id=7276, stack(0x0000005aa9c00000,0x0000005aa9d00000)]
  0x000001bbc6f3d380 JavaThread "Reference Handler" daemon [_thread_blocked, id=13640, stack(0x0000005aaa300000,0x0000005aaa400000)]
  0x000001bbc6f3e100 JavaThread "Finalizer" daemon [_thread_blocked, id=11680, stack(0x0000005aaa400000,0x0000005aaa500000)]
  0x000001bbc6f53060 JavaThread "Signal Dispatcher" daemon [_thread_blocked, id=1752, stack(0x0000005aaa500000,0x0000005aaa600000)]
  0x000001bbc6f53b20 JavaThread "Attach Listener" daemon [_thread_blocked, id=12612, stack(0x0000005aaa600000,0x0000005aaa700000)]
  0x000001bbc6f545e0 JavaThread "Service Thread" daemon [_thread_blocked, id=6528, stack(0x0000005aaa700000,0x0000005aaa800000)]
  0x000001bbc6f57ec0 JavaThread "Monitor Deflation Thread" daemon [_thread_blocked, id=13920, stack(0x0000005aaa800000,0x0000005aaa900000)]
  0x000001bbc6f598a0 JavaThread "C2 CompilerThread0" daemon [_thread_in_native, id=9020, stack(0x0000005aaa900000,0x0000005aaaa00000)]
  0x000001bbc6f5a250 JavaThread "C1 CompilerThread0" daemon [_thread_blocked, id=14120, stack(0x0000005aaaa00000,0x0000005aaab00000)]
  0x000001bbc6f5ab50 JavaThread "Sweeper thread" daemon [_thread_blocked, id=5928, stack(0x0000005aaab00000,0x0000005aaac00000)]
  0x000001bbc79e71f0 JavaThread "Notification Thread" daemon [_thread_blocked, id=7848, stack(0x0000005aaac00000,0x0000005aaad00000)]
  0x000001bbc79ef6f0 JavaThread "Common-Cleaner" daemon [_thread_blocked, id=5444, stack(0x0000005aaae00000,0x0000005aaaf00000)]
=>0x000001bbc81bc100 JavaThread "C2 CompilerThread1" daemon [_thread_in_native, id=9740, stack(0x0000005aaaf00000,0x0000005aab000000)]

Other Threads:
  0x000001bbc6f37870 VMThread "VM Thread" [stack: 0x0000005aaa200000,0x0000005aaa300000] [id=1652] _threads_hazard_ptr=0x000001bbc8bb4b50
  0x000001bba8f30860 GCTaskThread "GC Thread#0" [stack: 0x0000005aa9d00000,0x0000005aa9e00000] [id=11828]
  0x000001bbc7b01c60 GCTaskThread "GC Thread#1" [stack: 0x0000005aab100000,0x0000005aab200000] [id=8216]
  0x000001bbc8ab5c30 GCTaskThread "GC Thread#2" [stack: 0x0000005aab200000,0x0000005aab300000] [id=10968]
  0x000001bbc881dc90 GCTaskThread "GC Thread#3" [stack: 0x0000005aab300000,0x0000005aab400000] [id=10412]
  0x000001bbc8803c80 GCTaskThread "GC Thread#4" [stack: 0x0000005aab400000,0x0000005aab500000] [id=9812]
  0x000001bbc8803f30 GCTaskThread "GC Thread#5" [stack: 0x0000005aab500000,0x0000005aab600000] [id=9144]
  0x000001bbc8a9b460 GCTaskThread "GC Thread#6" [stack: 0x0000005aab600000,0x0000005aab700000] [id=2252]
  0x000001bbc83a9c30 GCTaskThread "GC Thread#7" [stack: 0x0000005aab700000,0x0000005aab800000] [id=4688]
  0x000001bba8f413b0 ConcurrentGCThread "G1 Main Marker" terminated
  0x000001bba8f42470 ConcurrentGCThread "G1 Conc#0" [stack: 0x0000005aa9f00000,0x0000005aaa000000] [id=2872]
  0x000001bbc6e00090 ConcurrentGCThread "G1 Refine#0" terminated
  0x000001bbc6e009c0 ConcurrentGCThread "G1 Service" terminated

Threads with active compile tasks:
C2 CompilerThread0    23737 3005  s    4       java.lang.StringBuffer::append (13 bytes)
C1 CompilerThread0    23738 3017       3       org.eclipse.sisu.inject.RankedSequence$Content::indexOfThis (31 bytes)
C2 CompilerThread1    23738 3009       4       java.lang.String::valueOf (39 bytes)

VM state: at safepoint (normal execution)

VM Mutex/Monitor currently owned by a thread:  ([mutex/lock_event])
[0x000001bba8eec8d0] Threads_lock - owner thread: 0x000001bbc6f37870
[0x000001bba8eeb7f0] Heap_lock - owner thread: 0x000001bba8eeebf0

Heap address: 0x0000000081800000, size: 2024 MB, Compressed Oops mode: 32-bit

CDS archive(s) mapped at: [0x0000000800000000-0x0000000800bc0000-0x0000000800bc0000), size 12320768, SharedBaseAddress: 0x0000000800000000, ArchiveRelocationMode: 0.
Compressed class space mapped at: 0x0000000800c00000-0x0000000840c00000, reserved size: 1073741824
Narrow klass base: 0x0000000800000000, Narrow klass shift: 0, Narrow klass range: 0x100000000

GC Precious Log:
 CPUs: 8 total, 8 available
 Memory: 8090M
 Large Page Support: Disabled
 NUMA Support: Disabled
 Compressed Oops: Enabled (32-bit)
 Heap Region Size: 1M
 Heap Min Capacity: 8M
 Heap Initial Capacity: 128M
 Heap Max Capacity: 2024M
 Pre-touch: Disabled
 Parallel Workers: 8
 Concurrent Workers: 2
 Concurrent Refinement Workers: 8
 Periodic GC: Disabled

Heap:
 garbage-first heap   total 131072K, used 48600K [0x0000000081800000, 0x0000000100000000)
  region size 1024K, 46 young (47104K), 2 survivors (2048K)
 Metaspace       used 13662K, committed 13888K, reserved 1064960K
  class space    used 1594K, committed 1728K, reserved 1048576K

Heap Regions: E=young(eden), S=young(survivor), O=old, HS=humongous(starts), HC=humongous(continues), CS=collection set, F=free, OA=open archive, CA=closed archive, TAMS=top-at-mark-start (previous, next)
|   0|0x0000000081800000, 0x0000000081900000, 0x0000000081900000|100%| O|  |TAMS 0x0000000081800000, 0x0000000081800000| Untracked 
|   1|0x0000000081900000, 0x0000000081a00000, 0x0000000081a00000|100%| O|  |TAMS 0x0000000081900000, 0x0000000081900000| Untracked 
|   2|0x0000000081a00000, 0x0000000081b00000, 0x0000000081b00000|100%| O|  |TAMS 0x0000000081a00000, 0x0000000081a00000| Untracked 
|   3|0x0000000081b00000, 0x0000000081b7be00, 0x0000000081c00000| 48%| O|  |TAMS 0x0000000081b00000, 0x0000000081b00000| Untracked 
|   4|0x0000000081c00000, 0x0000000081c00000, 0x0000000081d00000|  0%| F|  |TAMS 0x0000000081c00000, 0x0000000081c00000| Untracked 
|   5|0x0000000081d00000, 0x0000000081d00000, 0x0000000081e00000|  0%| F|  |TAMS 0x0000000081d00000, 0x0000000081d00000| Untracked 
|   6|0x0000000081e00000, 0x0000000081e00000, 0x0000000081f00000|  0%| F|  |TAMS 0x0000000081e00000, 0x0000000081e00000| Untracked 
|   7|0x0000000081f00000, 0x0000000081f00000, 0x0000000082000000|  0%| F|  |TAMS 0x0000000081f00000, 0x0000000081f00000| Untracked 
|   8|0x0000000082000000, 0x0000000082000000, 0x0000000082100000|  0%| F|  |TAMS 0x0000000082000000, 0x0000000082000000| Untracked 
|   9|0x0000000082100000, 0x0000000082100000, 0x0000000082200000|  0%| F|  |TAMS 0x0000000082100000, 0x0000000082100000| Untracked 
|  10|0x0000000082200000, 0x0000000082200000, 0x0000000082300000|  0%| F|  |TAMS 0x0000000082200000, 0x0000000082200000| Untracked 
|  11|0x0000000082300000, 0x0000000082300000, 0x0000000082400000|  0%| F|  |TAMS 0x0000000082300000, 0x0000000082300000| Untracked 
|  12|0x0000000082400000, 0x0000000082400000, 0x0000000082500000|  0%| F|  |TAMS 0x0000000082400000, 0x0000000082400000| Untracked 
|  13|0x0000000082500000, 0x0000000082500000, 0x0000000082600000|  0%| F|  |TAMS 0x0000000082500000, 0x0000000082500000| Untracked 
|  14|0x0000000082600000, 0x0000000082600000, 0x0000000082700000|  0%| F|  |TAMS 0x0000000082600000, 0x0000000082600000| Untracked 
|  15|0x0000000082700000, 0x0000000082700000, 0x0000000082800000|  0%| F|  |TAMS 0x0000000082700000, 0x0000000082700000| Untracked 
|  16|0x0000000082800000, 0x0000000082800000, 0x0000000082900000|  0%| F|  |TAMS 0x0000000082800000, 0x0000000082800000| Untracked 
|  17|0x0000000082900000, 0x0000000082900000, 0x0000000082a00000|  0%| F|  |TAMS 0x0000000082900000, 0x0000000082900000| Untracked 
|  18|0x0000000082a00000, 0x0000000082a00000, 0x0000000082b00000|  0%| F|  |TAMS 0x0000000082a00000, 0x0000000082a00000| Untracked 
|  19|0x0000000082b00000, 0x0000000082b00000, 0x0000000082c00000|  0%| F|  |TAMS 0x0000000082b00000, 0x0000000082b00000| Untracked 
|  20|0x0000000082c00000, 0x0000000082c00000, 0x0000000082d00000|  0%| F|  |TAMS 0x0000000082c00000, 0x0000000082c00000| Untracked 
|  21|0x0000000082d00000, 0x0000000082d00000, 0x0000000082e00000|  0%| F|  |TAMS 0x0000000082d00000, 0x0000000082d00000| Untracked 
|  22|0x0000000082e00000, 0x0000000082e00000, 0x0000000082f00000|  0%| F|  |TAMS 0x0000000082e00000, 0x0000000082e00000| Untracked 
|  23|0x0000000082f00000, 0x0000000082f00000, 0x0000000083000000|  0%| F|  |TAMS 0x0000000082f00000, 0x0000000082f00000| Untracked 
|  24|0x0000000083000000, 0x0000000083000000, 0x0000000083100000|  0%| F|  |TAMS 0x0000000083000000, 0x0000000083000000| Untracked 
|  25|0x0000000083100000, 0x0000000083100000, 0x0000000083200000|  0%| F|  |TAMS 0x0000000083100000, 0x0000000083100000| Untracked 
|  26|0x0000000083200000, 0x0000000083200000, 0x0000000083300000|  0%| F|  |TAMS 0x0000000083200000, 0x0000000083200000| Untracked 
|  27|0x0000000083300000, 0x0000000083300000, 0x0000000083400000|  0%| F|  |TAMS 0x0000000083300000, 0x0000000083300000| Untracked 
|  28|0x0000000083400000, 0x0000000083400000, 0x0000000083500000|  0%| F|  |TAMS 0x0000000083400000, 0x0000000083400000| Untracked 
|  29|0x0000000083500000, 0x0000000083500000, 0x0000000083600000|  0%| F|  |TAMS 0x0000000083500000, 0x0000000083500000| Untracked 
|  30|0x0000000083600000, 0x0000000083600000, 0x0000000083700000|  0%| F|  |TAMS 0x0000000083600000, 0x0000000083600000| Untracked 
|  31|0x0000000083700000, 0x0000000083700000, 0x0000000083800000|  0%| F|  |TAMS 0x0000000083700000, 0x0000000083700000| Untracked 
|  32|0x0000000083800000, 0x0000000083800000, 0x0000000083900000|  0%| F|  |TAMS 0x0000000083800000, 0x0000000083800000| Untracked 
|  33|0x0000000083900000, 0x0000000083900000, 0x0000000083a00000|  0%| F|  |TAMS 0x0000000083900000, 0x0000000083900000| Untracked 
|  34|0x0000000083a00000, 0x0000000083a00000, 0x0000000083b00000|  0%| F|  |TAMS 0x0000000083a00000, 0x0000000083a00000| Untracked 
|  35|0x0000000083b00000, 0x0000000083b00000, 0x0000000083c00000|  0%| F|  |TAMS 0x0000000083b00000, 0x0000000083b00000| Untracked 
|  36|0x0000000083c00000, 0x0000000083c00000, 0x0000000083d00000|  0%| F|  |TAMS 0x0000000083c00000, 0x0000000083c00000| Untracked 
|  37|0x0000000083d00000, 0x0000000083d00000, 0x0000000083e00000|  0%| F|  |TAMS 0x0000000083d00000, 0x0000000083d00000| Untracked 
|  38|0x0000000083e00000, 0x0000000083e00000, 0x0000000083f00000|  0%| F|  |TAMS 0x0000000083e00000, 0x0000000083e00000| Untracked 
|  39|0x0000000083f00000, 0x0000000083f00000, 0x0000000084000000|  0%| F|  |TAMS 0x0000000083f00000, 0x0000000083f00000| Untracked 
|  40|0x0000000084000000, 0x0000000084000000, 0x0000000084100000|  0%| F|  |TAMS 0x0000000084000000, 0x0000000084000000| Untracked 
|  41|0x0000000084100000, 0x0000000084100000, 0x0000000084200000|  0%| F|  |TAMS 0x0000000084100000, 0x0000000084100000| Untracked 
|  42|0x0000000084200000, 0x0000000084200000, 0x0000000084300000|  0%| F|  |TAMS 0x0000000084200000, 0x0000000084200000| Untracked 
|  43|0x0000000084300000, 0x0000000084300000, 0x0000000084400000|  0%| F|  |TAMS 0x0000000084300000, 0x0000000084300000| Untracked 
|  44|0x0000000084400000, 0x0000000084400000, 0x0000000084500000|  0%| F|  |TAMS 0x0000000084400000, 0x0000000084400000| Untracked 
|  45|0x0000000084500000, 0x0000000084500000, 0x0000000084600000|  0%| F|  |TAMS 0x0000000084500000, 0x0000000084500000| Untracked 
|  46|0x0000000084600000, 0x0000000084600000, 0x0000000084700000|  0%| F|  |TAMS 0x0000000084600000, 0x0000000084600000| Untracked 
|  47|0x0000000084700000, 0x0000000084700000, 0x0000000084800000|  0%| F|  |TAMS 0x0000000084700000, 0x0000000084700000| Untracked 
|  48|0x0000000084800000, 0x0000000084800000, 0x0000000084900000|  0%| F|  |TAMS 0x0000000084800000, 0x0000000084800000| Untracked 
|  49|0x0000000084900000, 0x0000000084900000, 0x0000000084a00000|  0%| F|  |TAMS 0x0000000084900000, 0x0000000084900000| Untracked 
|  50|0x0000000084a00000, 0x0000000084a00000, 0x0000000084b00000|  0%| F|  |TAMS 0x0000000084a00000, 0x0000000084a00000| Untracked 
|  51|0x0000000084b00000, 0x0000000084b00000, 0x0000000084c00000|  0%| F|  |TAMS 0x0000000084b00000, 0x0000000084b00000| Untracked 
|  52|0x0000000084c00000, 0x0000000084c00000, 0x0000000084d00000|  0%| F|  |TAMS 0x0000000084c00000, 0x0000000084c00000| Untracked 
|  53|0x0000000084d00000, 0x0000000084d00000, 0x0000000084e00000|  0%| F|  |TAMS 0x0000000084d00000, 0x0000000084d00000| Untracked 
|  54|0x0000000084e00000, 0x0000000084e00000, 0x0000000084f00000|  0%| F|  |TAMS 0x0000000084e00000, 0x0000000084e00000| Untracked 
|  55|0x0000000084f00000, 0x0000000084f00000, 0x0000000085000000|  0%| F|  |TAMS 0x0000000084f00000, 0x0000000084f00000| Untracked 
|  56|0x0000000085000000, 0x0000000085000000, 0x0000000085100000|  0%| F|  |TAMS 0x0000000085000000, 0x0000000085000000| Untracked 
|  57|0x0000000085100000, 0x0000000085100000, 0x0000000085200000|  0%| F|  |TAMS 0x0000000085100000, 0x0000000085100000| Untracked 
|  58|0x0000000085200000, 0x0000000085200000, 0x0000000085300000|  0%| F|  |TAMS 0x0000000085200000, 0x0000000085200000| Untracked 
|  59|0x0000000085300000, 0x0000000085300000, 0x0000000085400000|  0%| F|  |TAMS 0x0000000085300000, 0x0000000085300000| Untracked 
|  60|0x0000000085400000, 0x0000000085400000, 0x0000000085500000|  0%| F|  |TAMS 0x0000000085400000, 0x0000000085400000| Untracked 
|  61|0x0000000085500000, 0x0000000085500000, 0x0000000085600000|  0%| F|  |TAMS 0x0000000085500000, 0x0000000085500000| Untracked 
|  62|0x0000000085600000, 0x0000000085600000, 0x0000000085700000|  0%| F|  |TAMS 0x0000000085600000, 0x0000000085600000| Untracked 
|  63|0x0000000085700000, 0x0000000085700000, 0x0000000085800000|  0%| F|  |TAMS 0x0000000085700000, 0x0000000085700000| Untracked 
|  64|0x0000000085800000, 0x0000000085800000, 0x0000000085900000|  0%| F|  |TAMS 0x0000000085800000, 0x0000000085800000| Untracked 
|  65|0x0000000085900000, 0x0000000085900000, 0x0000000085a00000|  0%| F|  |TAMS 0x0000000085900000, 0x0000000085900000| Untracked 
|  66|0x0000000085a00000, 0x0000000085a00000, 0x0000000085b00000|  0%| F|  |TAMS 0x0000000085a00000, 0x0000000085a00000| Untracked 
|  67|0x0000000085b00000, 0x0000000085b00000, 0x0000000085c00000|  0%| F|  |TAMS 0x0000000085b00000, 0x0000000085b00000| Untracked 
|  68|0x0000000085c00000, 0x0000000085c00000, 0x0000000085d00000|  0%| F|  |TAMS 0x0000000085c00000, 0x0000000085c00000| Untracked 
|  69|0x0000000085d00000, 0x0000000085d00000, 0x0000000085e00000|  0%| F|  |TAMS 0x0000000085d00000, 0x0000000085d00000| Untracked 
|  70|0x0000000085e00000, 0x0000000085e00000, 0x0000000085f00000|  0%| F|  |TAMS 0x0000000085e00000, 0x0000000085e00000| Untracked 
|  71|0x0000000085f00000, 0x0000000085f00000, 0x0000000086000000|  0%| F|  |TAMS 0x0000000085f00000, 0x0000000085f00000| Untracked 
|  72|0x0000000086000000, 0x0000000086000000, 0x0000000086100000|  0%| F|  |TAMS 0x0000000086000000, 0x0000000086000000| Untracked 
|  73|0x0000000086100000, 0x0000000086100000, 0x0000000086200000|  0%| F|  |TAMS 0x0000000086100000, 0x0000000086100000| Untracked 
|  74|0x0000000086200000, 0x0000000086200000, 0x0000000086300000|  0%| F|  |TAMS 0x0000000086200000, 0x0000000086200000| Untracked 
|  75|0x0000000086300000, 0x0000000086300000, 0x0000000086400000|  0%| F|  |TAMS 0x0000000086300000, 0x0000000086300000| Untracked 
|  76|0x0000000086400000, 0x0000000086400000, 0x0000000086500000|  0%| F|  |TAMS 0x0000000086400000, 0x0000000086400000| Untracked 
|  77|0x0000000086500000, 0x0000000086500000, 0x0000000086600000|  0%| F|  |TAMS 0x0000000086500000, 0x0000000086500000| Untracked 
|  78|0x0000000086600000, 0x0000000086600000, 0x0000000086700000|  0%| F|  |TAMS 0x0000000086600000, 0x0000000086600000| Untracked 
|  79|0x0000000086700000, 0x0000000086700000, 0x0000000086800000|  0%| F|  |TAMS 0x0000000086700000, 0x0000000086700000| Untracked 
|  80|0x0000000086800000, 0x0000000086800000, 0x0000000086900000|  0%| F|  |TAMS 0x0000000086800000, 0x0000000086800000| Untracked 
|  81|0x0000000086900000, 0x0000000086900000, 0x0000000086a00000|  0%| F|  |TAMS 0x0000000086900000, 0x0000000086900000| Untracked 
|  82|0x0000000086a00000, 0x0000000086b00000, 0x0000000086b00000|100%| E|  |TAMS 0x0000000086a00000, 0x0000000086a00000| Complete 
|  83|0x0000000086b00000, 0x0000000086c00000, 0x0000000086c00000|100%| E|CS|TAMS 0x0000000086b00000, 0x0000000086b00000| Complete 
|  84|0x0000000086c00000, 0x0000000086d00000, 0x0000000086d00000|100%| E|CS|TAMS 0x0000000086c00000, 0x0000000086c00000| Complete 
|  85|0x0000000086d00000, 0x0000000086e00000, 0x0000000086e00000|100%| E|CS|TAMS 0x0000000086d00000, 0x0000000086d00000| Complete 
|  86|0x0000000086e00000, 0x0000000086f00000, 0x0000000086f00000|100%| E|CS|TAMS 0x0000000086e00000, 0x0000000086e00000| Complete 
|  87|0x0000000086f00000, 0x0000000087000000, 0x0000000087000000|100%| E|CS|TAMS 0x0000000086f00000, 0x0000000086f00000| Complete 
|  88|0x0000000087000000, 0x0000000087100000, 0x0000000087100000|100%| E|CS|TAMS 0x0000000087000000, 0x0000000087000000| Complete 
|  89|0x0000000087100000, 0x0000000087200000, 0x0000000087200000|100%| E|CS|TAMS 0x0000000087100000, 0x0000000087100000| Complete 
|  90|0x0000000087200000, 0x0000000087300000, 0x0000000087300000|100%| E|CS|TAMS 0x0000000087200000, 0x0000000087200000| Complete 
|  91|0x0000000087300000, 0x0000000087400000, 0x0000000087400000|100%| E|  |TAMS 0x0000000087300000, 0x0000000087300000| Complete 
|  92|0x0000000087400000, 0x00000000874fa560, 0x0000000087500000| 97%| S|CS|TAMS 0x0000000087400000, 0x0000000087400000| Complete 
|  93|0x0000000087500000, 0x0000000087600000, 0x0000000087600000|100%| S|CS|TAMS 0x0000000087500000, 0x0000000087500000| Complete 
|  94|0x0000000087600000, 0x0000000087700000, 0x0000000087700000|100%| E|CS|TAMS 0x0000000087600000, 0x0000000087600000| Complete 
|  95|0x0000000087700000, 0x0000000087800000, 0x0000000087800000|100%| E|CS|TAMS 0x0000000087700000, 0x0000000087700000| Complete 
|  96|0x0000000087800000, 0x0000000087900000, 0x0000000087900000|100%| E|CS|TAMS 0x0000000087800000, 0x0000000087800000| Complete 
|  97|0x0000000087900000, 0x0000000087a00000, 0x0000000087a00000|100%| E|CS|TAMS 0x0000000087900000, 0x0000000087900000| Complete 
|  98|0x0000000087a00000, 0x0000000087b00000, 0x0000000087b00000|100%| E|CS|TAMS 0x0000000087a00000, 0x0000000087a00000| Complete 
|  99|0x0000000087b00000, 0x0000000087c00000, 0x0000000087c00000|100%| E|CS|TAMS 0x0000000087b00000, 0x0000000087b00000| Complete 
| 100|0x0000000087c00000, 0x0000000087d00000, 0x0000000087d00000|100%| E|CS|TAMS 0x0000000087c00000, 0x0000000087c00000| Complete 
| 101|0x0000000087d00000, 0x0000000087e00000, 0x0000000087e00000|100%| E|CS|TAMS 0x0000000087d00000, 0x0000000087d00000| Complete 
| 102|0x0000000087e00000, 0x0000000087f00000, 0x0000000087f00000|100%| E|CS|TAMS 0x0000000087e00000, 0x0000000087e00000| Complete 
| 103|0x0000000087f00000, 0x0000000088000000, 0x0000000088000000|100%| E|CS|TAMS 0x0000000087f00000, 0x0000000087f00000| Complete 
| 104|0x0000000088000000, 0x0000000088100000, 0x0000000088100000|100%| E|CS|TAMS 0x0000000088000000, 0x0000000088000000| Complete 
| 105|0x0000000088100000, 0x0000000088200000, 0x0000000088200000|100%| E|CS|TAMS 0x0000000088100000, 0x0000000088100000| Complete 
| 106|0x0000000088200000, 0x0000000088300000, 0x0000000088300000|100%| E|CS|TAMS 0x0000000088200000, 0x0000000088200000| Complete 
| 107|0x0000000088300000, 0x0000000088400000, 0x0000000088400000|100%| E|CS|TAMS 0x0000000088300000, 0x0000000088300000| Complete 
| 108|0x0000000088400000, 0x0000000088500000, 0x0000000088500000|100%| E|CS|TAMS 0x0000000088400000, 0x0000000088400000| Complete 
| 109|0x0000000088500000, 0x0000000088600000, 0x0000000088600000|100%| E|CS|TAMS 0x0000000088500000, 0x0000000088500000| Complete 
| 110|0x0000000088600000, 0x0000000088700000, 0x0000000088700000|100%| E|CS|TAMS 0x0000000088600000, 0x0000000088600000| Complete 
| 111|0x0000000088700000, 0x0000000088800000, 0x0000000088800000|100%| E|CS|TAMS 0x0000000088700000, 0x0000000088700000| Complete 
| 112|0x0000000088800000, 0x0000000088900000, 0x0000000088900000|100%| E|CS|TAMS 0x0000000088800000, 0x0000000088800000| Complete 
| 113|0x0000000088900000, 0x0000000088a00000, 0x0000000088a00000|100%| E|CS|TAMS 0x0000000088900000, 0x0000000088900000| Complete 
| 114|0x0000000088a00000, 0x0000000088b00000, 0x0000000088b00000|100%| E|CS|TAMS 0x0000000088a00000, 0x0000000088a00000| Complete 
| 115|0x0000000088b00000, 0x0000000088c00000, 0x0000000088c00000|100%| E|CS|TAMS 0x0000000088b00000, 0x0000000088b00000| Complete 
| 116|0x0000000088c00000, 0x0000000088d00000, 0x0000000088d00000|100%| E|CS|TAMS 0x0000000088c00000, 0x0000000088c00000| Complete 
| 117|0x0000000088d00000, 0x0000000088e00000, 0x0000000088e00000|100%| E|CS|TAMS 0x0000000088d00000, 0x0000000088d00000| Complete 
| 118|0x0000000088e00000, 0x0000000088f00000, 0x0000000088f00000|100%| E|CS|TAMS 0x0000000088e00000, 0x0000000088e00000| Complete 
| 119|0x0000000088f00000, 0x0000000089000000, 0x0000000089000000|100%| E|CS|TAMS 0x0000000088f00000, 0x0000000088f00000| Complete 
| 120|0x0000000089000000, 0x0000000089100000, 0x0000000089100000|100%| E|CS|TAMS 0x0000000089000000, 0x0000000089000000| Complete 
| 121|0x0000000089100000, 0x0000000089200000, 0x0000000089200000|100%| E|CS|TAMS 0x0000000089100000, 0x0000000089100000| Complete 
| 122|0x0000000089200000, 0x0000000089300000, 0x0000000089300000|100%| E|CS|TAMS 0x0000000089200000, 0x0000000089200000| Complete 
| 123|0x0000000089300000, 0x0000000089400000, 0x0000000089400000|100%| E|CS|TAMS 0x0000000089300000, 0x0000000089300000| Complete 
| 124|0x0000000089400000, 0x0000000089500000, 0x0000000089500000|100%| E|CS|TAMS 0x0000000089400000, 0x0000000089400000| Complete 
| 125|0x0000000089500000, 0x0000000089600000, 0x0000000089600000|100%| E|CS|TAMS 0x0000000089500000, 0x0000000089500000| Complete 
| 126|0x0000000089600000, 0x0000000089700000, 0x0000000089700000|100%| E|CS|TAMS 0x0000000089600000, 0x0000000089600000| Complete 
| 127|0x0000000089700000, 0x0000000089800000, 0x0000000089800000|100%| E|CS|TAMS 0x0000000089700000, 0x0000000089700000| Complete 

Card table byte_map: [0x000001bbbfe30000,0x000001bbc0230000] _byte_map_base: 0x000001bbbfa24000

Marking Bits (Prev, Next): (CMBitMap*) 0x000001bba8f30d80, (CMBitMap*) 0x000001bba8f30dc0
 Prev Bits: [0x000001bbc0630000, 0x000001bbc25d0000)
 Next Bits: [0x000001bbc25d0000, 0x000001bbc4570000)

Polling page: 0x000001bba86d0000

Metaspace:

Usage:
  Non-class:     11.79 MB used.
      Class:      1.56 MB used.
       Both:     13.34 MB used.

Virtual space:
  Non-class space:       16.00 MB reserved,      11.88 MB ( 74%) committed,  2 nodes.
      Class space:        1.00 GB reserved,       1.69 MB ( <1%) committed,  1 nodes.
             Both:        1.02 GB reserved,      13.56 MB (  1%) committed. 

Chunk freelists:
   Non-Class:  3.02 MB
       Class:  2.17 MB
        Both:  5.18 MB

MaxMetaspaceSize: unlimited
CompressedClassSpaceSize: 1.00 GB
Initial GC threshold: 21.00 MB
Current GC threshold: 21.00 MB
CDS: on
MetaspaceReclaimPolicy: balanced
 - commit_granule_bytes: 65536.
 - commit_granule_words: 8192.
 - virtual_space_node_default_size: 1048576.
 - enlarge_chunks_in_place: 1.
 - new_chunks_are_fully_committed: 0.
 - uncommit_free_chunks: 1.
 - use_allocation_guard: 0.
 - handle_deallocations: 1.


Internal statistics:

num_allocs_failed_limit: 0.
num_arena_births: 78.
num_arena_deaths: 0.
num_vsnodes_births: 3.
num_vsnodes_deaths: 0.
num_space_committed: 217.
num_space_uncommitted: 0.
num_chunks_returned_to_freelist: 0.
num_chunks_taken_from_freelist: 547.
num_chunk_merges: 0.
num_chunk_splits: 399.
num_chunks_enlarged: 312.
num_purges: 0.
num_inconsistent_stats: 0.

CodeHeap 'non-profiled nmethods': size=120000Kb used=1462Kb max_used=1462Kb free=118537Kb
 bounds [0x000001bbb81d0000, 0x000001bbb8440000, 0x000001bbbf700000]
CodeHeap 'profiled nmethods': size=120000Kb used=5810Kb max_used=5810Kb free=114189Kb
 bounds [0x000001bbb0ca0000, 0x000001bbb1250000, 0x000001bbb81d0000]
CodeHeap 'non-nmethods': size=5760Kb used=1169Kb max_used=1226Kb free=4590Kb
 bounds [0x000001bbb0700000, 0x000001bbb0970000, 0x000001bbb0ca0000]
 total_blobs=3474 nmethods=3011 adapters=375
 compilation: enabled
              stopped_count=0, restarted_count=0
 full_count=0

Compilation events (20 events):
Event: 9.033 Thread 0x000001bbc6f5a250 nmethod 3003 0x000001bbb1246f90 code [0x000001bbb1247120, 0x000001bbb1247268]
Event: 12.201 Thread 0x000001bbc6f5a250 3004  s    3       java.io.BufferedInputStream::available (35 bytes)
Event: 12.202 Thread 0x000001bbc6f5a250 nmethod 3004 0x000001bbb1247310 code [0x000001bbb12474e0, 0x000001bbb1247938]
Event: 23.604 Thread 0x000001bbc6f598a0 3005  s    4       java.lang.StringBuffer::append (13 bytes)
Event: 23.605 Thread 0x000001bbc6f5a250 3007   !   3       java.io.PrintStream::write (83 bytes)
Event: 23.607 Thread 0x000001bbc6f5a250 nmethod 3007 0x000001bbb1247a90 code [0x000001bbb1247d20, 0x000001bbb1248998]
Event: 23.618 Thread 0x000001bbc6f5a250 3011       3       java.nio.charset.CharsetDecoder::replaceWith (68 bytes)
Event: 23.619 Thread 0x000001bbc6f5a250 nmethod 3011 0x000001bbb1249010 code [0x000001bbb1249220, 0x000001bbb1249878]
Event: 23.619 Thread 0x000001bbc81bc100 3008       4       java.nio.ByteBuffer::clear (7 bytes)
Event: 23.620 Thread 0x000001bbc81bc100 nmethod 3008 0x000001bbb833d310 code [0x000001bbb833d480, 0x000001bbb833d518]
Event: 23.620 Thread 0x000001bbc81bc100 3006       4       java.nio.ByteBuffer::flip (7 bytes)
Event: 23.621 Thread 0x000001bbc81bc100 nmethod 3006 0x000001bbb833d610 code [0x000001bbb833d780, 0x000001bbb833d818]
Event: 23.622 Thread 0x000001bbc81bc100 3009       4       java.lang.String::valueOf (39 bytes)
Event: 23.626 Thread 0x000001bbc6f5a250 3014       3       org.eclipse.sisu.inject.MildValues$ValueItr::hasNext (52 bytes)
Event: 23.627 Thread 0x000001bbc6f5a250 nmethod 3014 0x000001bbb1249a90 code [0x000001bbb1249c80, 0x000001bbb124a2c8]
Event: 23.627 Thread 0x000001bbc6f5a250 3015       3       org.eclipse.sisu.inject.RankedSequence::removeThis (43 bytes)
Event: 23.629 Thread 0x000001bbc6f5a250 nmethod 3015 0x000001bbb124a490 code [0x000001bbb124a780, 0x000001bbb124b8a8]
Event: 23.629 Thread 0x000001bbc6f5a250 3018       3       org.eclipse.sisu.inject.MildElements$Itr::hasNext (73 bytes)
Event: 23.630 Thread 0x000001bbc6f5a250 nmethod 3018 0x000001bbb124be90 code [0x000001bbb124c080, 0x000001bbb124c6e8]
Event: 23.630 Thread 0x000001bbc6f5a250 3017       3       org.eclipse.sisu.inject.RankedSequence$Content::indexOfThis (31 bytes)

GC Heap History (4 events):
Event: 0.562 GC heap before
{Heap before GC invocations=0 (full 0):
 garbage-first heap   total 131072K, used 22528K [0x0000000081800000, 0x0000000100000000)
  region size 1024K, 23 young (23552K), 0 survivors (0K)
 Metaspace       used 4806K, committed 4928K, reserved 1056768K
  class space    used 564K, committed 640K, reserved 1048576K
}
Event: 0.567 GC heap after
{Heap after GC invocations=1 (full 0):
 garbage-first heap   total 131072K, used 3608K [0x0000000081800000, 0x0000000100000000)
  region size 1024K, 3 young (3072K), 3 survivors (3072K)
 Metaspace       used 4806K, committed 4928K, reserved 1056768K
  class space    used 564K, committed 640K, reserved 1048576K
}
Event: 1.119 GC heap before
{Heap before GC invocations=1 (full 0):
 garbage-first heap   total 131072K, used 35352K [0x0000000081800000, 0x0000000100000000)
  region size 1024K, 34 young (34816K), 3 survivors (3072K)
 Metaspace       used 9845K, committed 9984K, reserved 1064960K
  class space    used 1212K, committed 1280K, reserved 1048576K
}
Event: 1.125 GC heap after
{Heap after GC invocations=2 (full 0):
 garbage-first heap   total 131072K, used 5592K [0x0000000081800000, 0x0000000100000000)
  region size 1024K, 2 young (2048K), 2 survivors (2048K)
 Metaspace       used 9845K, committed 9984K, reserved 1064960K
  class space    used 1212K, committed 1280K, reserved 1048576K
}

Deoptimization events (20 events):
Event: 2.282 Thread 0x000001bba8eeebf0 Uncommon trap: trap_request=0xffffffde fr.pc=0x000001bbb828268c relative=0x000000000000006c
Event: 2.282 Thread 0x000001bba8eeebf0 Uncommon trap: reason=class_check action=maybe_recompile pc=0x000001bbb828268c method=com.google.inject.internal.LinkedBindingImpl.acceptTargetVisitor(Lcom/google/inject/spi/BindingTargetVisitor;)Ljava/lang/Object; @ 2 c2
Event: 2.282 Thread 0x000001bba8eeebf0 DEOPT PACKING pc=0x000001bbb828268c sp=0x0000005aa9cfd6d0
Event: 2.282 Thread 0x000001bba8eeebf0 DEOPT UNPACKING pc=0x000001bbb07523a3 sp=0x0000005aa9cfd668 mode 2
Event: 2.327 Thread 0x000001bba8eeebf0 Uncommon trap: trap_request=0xffffffde fr.pc=0x000001bbb828268c relative=0x000000000000006c
Event: 2.327 Thread 0x000001bba8eeebf0 Uncommon trap: reason=class_check action=maybe_recompile pc=0x000001bbb828268c method=com.google.inject.internal.LinkedBindingImpl.acceptTargetVisitor(Lcom/google/inject/spi/BindingTargetVisitor;)Ljava/lang/Object; @ 2 c2
Event: 2.327 Thread 0x000001bba8eeebf0 DEOPT PACKING pc=0x000001bbb828268c sp=0x0000005aa9cfd6d0
Event: 2.327 Thread 0x000001bba8eeebf0 DEOPT UNPACKING pc=0x000001bbb07523a3 sp=0x0000005aa9cfd668 mode 2
Event: 2.327 Thread 0x000001bba8eeebf0 Uncommon trap: trap_request=0xffffffde fr.pc=0x000001bbb828268c relative=0x000000000000006c
Event: 2.327 Thread 0x000001bba8eeebf0 Uncommon trap: reason=class_check action=maybe_recompile pc=0x000001bbb828268c method=com.google.inject.internal.LinkedBindingImpl.acceptTargetVisitor(Lcom/google/inject/spi/BindingTargetVisitor;)Ljava/lang/Object; @ 2 c2
Event: 2.327 Thread 0x000001bba8eeebf0 DEOPT PACKING pc=0x000001bbb828268c sp=0x0000005aa9cfd6d0
Event: 2.327 Thread 0x000001bba8eeebf0 DEOPT UNPACKING pc=0x000001bbb07523a3 sp=0x0000005aa9cfd668 mode 2
Event: 2.333 Thread 0x000001bba8eeebf0 Uncommon trap: trap_request=0xffffff54 fr.pc=0x000001bbb8318b60 relative=0x0000000000000320
Event: 2.333 Thread 0x000001bba8eeebf0 Uncommon trap: reason=speculate_null_assert action=make_not_entrant pc=0x000001bbb8318b60 method=org.eclipse.sisu.inject.RankedBindings$Itr.hasNext()Z @ 80 c2
Event: 2.333 Thread 0x000001bba8eeebf0 DEOPT PACKING pc=0x000001bbb8318b60 sp=0x0000005aa9cfdb40
Event: 2.333 Thread 0x000001bba8eeebf0 DEOPT UNPACKING pc=0x000001bbb07523a3 sp=0x0000005aa9cfdb18 mode 2
Event: 2.346 Thread 0x000001bba8eeebf0 DEOPT PACKING pc=0x000001bbb0d5cfb4 sp=0x0000005aa9cf7e70
Event: 2.346 Thread 0x000001bba8eeebf0 DEOPT UNPACKING pc=0x000001bbb0752b43 sp=0x0000005aa9cf72a8 mode 0
Event: 2.346 Thread 0x000001bba8eeebf0 DEOPT PACKING pc=0x000001bbb0d5cbcc sp=0x0000005aa9cf7ee0
Event: 2.346 Thread 0x000001bba8eeebf0 DEOPT UNPACKING pc=0x000001bbb0752b43 sp=0x0000005aa9cf7388 mode 0

Classes unloaded (0 events):
No events

Classes redefined (0 events):
No events

Internal exceptions (20 events):
Event: 1.072 Thread 0x000001bba8eeebf0 Exception <a 'java/lang/NoClassDefFoundError'{0x00000000878eedb8}: com/google/inject/servlet/ServletModuleTargetVisitor> (0x00000000878eedb8) 
thrown [t:\workspace\open\src\hotspot\share\classfile\systemDictionary.cpp, line 245]
Event: 1.072 Thread 0x000001bba8eeebf0 Exception <a 'java/lang/NoClassDefFoundError'{0x00000000878f0cc8}: javax/annotation/Priority> (0x00000000878f0cc8) 
thrown [t:\workspace\open\src\hotspot\share\classfile\systemDictionary.cpp, line 245]
Event: 1.141 Thread 0x000001bba8eeebf0 Exception <a 'java/lang/NoSuchMethodError'{0x000000008974fb88}: 'java.lang.Object java.lang.invoke.DirectMethodHandle$Holder.invokeStaticInit(java.lang.Object, int, int, int, int)'> (0x000000008974fb88) 
thrown [t:\workspace\open\src\hotspot\share\interpreter\linkResolver.cpp, line 766]
Event: 1.806 Thread 0x000001bba8eeebf0 Implicit null exception at 0x000001bbb824d158 to 0x000001bbb824d1ee
Event: 1.806 Thread 0x000001bba8eeebf0 Implicit null exception at 0x000001bbb826556a to 0x000001bbb82658c0
Event: 1.806 Thread 0x000001bba8eeebf0 Implicit null exception at 0x000001bbb822ff0f to 0x000001bbb822ff89
Event: 1.835 Thread 0x000001bba8eeebf0 Implicit null exception at 0x000001bbb823e06a to 0x000001bbb823e3b4
Event: 2.297 Thread 0x000001bba8eeebf0 Exception <a 'java/lang/NoClassDefFoundError'{0x0000000086f8cf88}: org/sonatype/aether/deployment/DeploymentException> (0x0000000086f8cf88) 
thrown [t:\workspace\open\src\hotspot\share\classfile\systemDictionary.cpp, line 245]
Event: 2.309 Thread 0x000001bba8eeebf0 Exception <a 'java/lang/NoClassDefFoundError'{0x0000000086e32920}: org/sonatype/aether/resolution/ArtifactResolutionException> (0x0000000086e32920) 
thrown [t:\workspace\open\src\hotspot\share\classfile\systemDictionary.cpp, line 245]
Event: 2.310 Thread 0x000001bba8eeebf0 Exception <a 'java/lang/NoClassDefFoundError'{0x0000000086e3d020}: org/sonatype/aether/installation/InstallationException> (0x0000000086e3d020) 
thrown [t:\workspace\open\src\hotspot\share\classfile\systemDictionary.cpp, line 245]
Event: 2.316 Thread 0x000001bba8eeebf0 Exception <a 'java/lang/NoClassDefFoundError'{0x0000000086e84920}: org/sonatype/aether/collection/DependencyCollectionException> (0x0000000086e84920) 
thrown [t:\workspace\open\src\hotspot\share\classfile\systemDictionary.cpp, line 245]
Event: 2.320 Thread 0x000001bba8eeebf0 Exception <a 'java/lang/NoClassDefFoundError'{0x0000000086ec9970}: org/sonatype/aether/metadata/Metadata> (0x0000000086ec9970) 
thrown [t:\workspace\open\src\hotspot\share\classfile\systemDictionary.cpp, line 245]
Event: 2.320 Thread 0x000001bba8eeebf0 Exception <a 'java/lang/NoClassDefFoundError'{0x0000000086ed15c8}: org/sonatype/aether/metadata/Metadata> (0x0000000086ed15c8) 
thrown [t:\workspace\open\src\hotspot\share\classfile\systemDictionary.cpp, line 245]
Event: 2.322 Thread 0x000001bba8eeebf0 Exception <a 'java/lang/NoClassDefFoundError'{0x0000000086ef56a0}: org/sonatype/aether/resolution/ArtifactDescriptorException> (0x0000000086ef56a0) 
thrown [t:\workspace\open\src\hotspot\share\classfile\systemDictionary.cpp, line 245]
Event: 2.365 Thread 0x000001bba8eeebf0 Exception <a 'java/lang/NoSuchMethodError'{0x0000000086b20970}: 'void java.lang.invoke.DirectMethodHandle$Holder.invokeStatic(java.lang.Object, long)'> (0x0000000086b20970) 
thrown [t:\workspace\open\src\hotspot\share\interpreter\linkResolver.cpp, line 766]
Event: 2.366 Thread 0x000001bba8eeebf0 Exception <a 'java/lang/NoSuchMethodError'{0x0000000086b26308}: 'java.lang.Object java.lang.invoke.DirectMethodHandle$Holder.newInvokeSpecial(java.lang.Object, long)'> (0x0000000086b26308) 
thrown [t:\workspace\open\src\hotspot\share\interpreter\linkResolver.cpp, line 766]
Event: 2.368 Thread 0x000001bba8eeebf0 Exception <a 'java/lang/NoSuchMethodError'{0x0000000086b2ae20}: 'java.lang.Object java.lang.invoke.DirectMethodHandle$Holder.invokeStaticInit(java.lang.Object)'> (0x0000000086b2ae20) 
thrown [t:\workspace\open\src\hotspot\share\interpreter\linkResolver.cpp, line 766]
Event: 2.369 Thread 0x000001bba8eeebf0 Exception <a 'java/lang/NoSuchMethodError'{0x0000000086b34b58}: 'java.lang.Object java.lang.invoke.DirectMethodHandle$Holder.invokeStaticInit(java.lang.Object, java.lang.Object, long, java.lang.Object)'> (0x0000000086b34b58) 
thrown [t:\workspace\open\src\hotspot\share\interpreter\linkResolver.cpp, line 766]
Event: 2.369 Thread 0x000001bba8eeebf0 Exception <a 'java/lang/NoSuchMethodError'{0x0000000086b3b218}: 'java.lang.Object java.lang.invoke.DirectMethodHandle$Holder.newInvokeSpecial(java.lang.Object, java.lang.Object, long)'> (0x0000000086b3b218) 
thrown [t:\workspace\open\src\hotspot\share\interpreter\linkResolver.cpp, line 766]
Event: 2.369 Thread 0x000001bba8eeebf0 Exception <a 'java/lang/NoSuchMethodError'{0x0000000086b3f508}: 'java.lang.Object java.lang.invoke.Invokers$Holder.linkToTargetMethod(java.lang.Object, long, java.lang.Object)'> (0x0000000086b3f508) 
thrown [t:\workspace\open\src\hotspot\share\interpreter\linkResolver.cpp, line 766]

VM Operations (20 events):
Event: 1.128 Executing VM operation: HandshakeAllThreads done
Event: 1.157 Executing VM operation: HandshakeAllThreads
Event: 1.157 Executing VM operation: HandshakeAllThreads done
Event: 1.879 Executing VM operation: ICBufferFull
Event: 1.879 Executing VM operation: ICBufferFull done
Event: 2.240 Executing VM operation: ICBufferFull
Event: 2.240 Executing VM operation: ICBufferFull done
Event: 2.288 Executing VM operation: HandshakeAllThreads
Event: 2.288 Executing VM operation: HandshakeAllThreads done
Event: 2.346 Executing VM operation: HandshakeAllThreads
Event: 2.346 Executing VM operation: HandshakeAllThreads done
Event: 2.371 Executing VM operation: HandshakeAllThreads
Event: 2.371 Executing VM operation: HandshakeAllThreads done
Event: 3.374 Executing VM operation: Cleanup
Event: 3.374 Executing VM operation: Cleanup done
Event: 4.377 Executing VM operation: Cleanup
Event: 4.377 Executing VM operation: Cleanup done
Event: 6.392 Executing VM operation: Cleanup
Event: 6.392 Executing VM operation: Cleanup done
Event: 23.630 Executing VM operation: Exit

Events (20 events):
Event: 2.372 loading class java/io/PipedOutputStream done
Event: 2.372 Thread 0x000001bbc91abe90 Thread added: 0x000001bbc91abe90
Event: 2.372 Thread 0x000001bbc91ac360 Thread added: 0x000001bbc91ac360
Event: 2.372 Thread 0x000001bbc89d0c30 Thread added: 0x000001bbc89d0c30
Event: 2.550 Thread 0x000001bbc8bd2fb0 Thread exited: 0x000001bbc8bd2fb0
Event: 2.550 Thread 0x000001bbc81bc100 Thread exited: 0x000001bbc81bc100
Event: 23.507 Thread 0x000001bbc91abe90 Thread exited: 0x000001bbc91abe90
Event: 23.507 Thread 0x000001bbc91ac360 Thread exited: 0x000001bbc91ac360
Event: 23.603 Thread 0x000001bbc89d0c30 Thread exited: 0x000001bbc89d0c30
Event: 23.604 loading class java/io/FileOutputStream$1
Event: 23.604 loading class java/io/FileOutputStream$1 done
Event: 23.619 Thread 0x000001bbc81bc100 Thread added: 0x000001bbc81bc100
Event: 23.626 loading class java/util/WeakHashMap$KeyIterator
Event: 23.626 loading class java/util/WeakHashMap$HashIterator
Event: 23.626 loading class java/util/WeakHashMap$HashIterator done
Event: 23.626 loading class java/util/WeakHashMap$KeyIterator done
Event: 23.629 Thread 0x000001bbc95e9010 Thread added: 0x000001bbc95e9010
Event: 23.629 Thread 0x000001bbc92c9d20 Thread added: 0x000001bbc92c9d20
Event: 23.629 Thread 0x000001bbc95e9010 Thread exited: 0x000001bbc95e9010
Event: 23.630 Thread 0x000001bbc92c9d20 Thread exited: 0x000001bbc92c9d20


Dynamic libraries:
0x00007ff611710000 - 0x00007ff611720000 	C:\Program Files\Java\jdk-17.0.1\bin\java.exe
0x00007ffa38330000 - 0x00007ffa38525000 	C:\Windows\SYSTEM32\ntdll.dll
0x00007ffa37770000 - 0x00007ffa3782e000 	C:\Windows\System32\KERNEL32.DLL
0x00007ffa35c90000 - 0x00007ffa35f58000 	C:\Windows\System32\KERNELBASE.dll
0x00007ffa36250000 - 0x00007ffa36350000 	C:\Windows\System32\ucrtbase.dll
0x00007ffa314d0000 - 0x00007ffa314ea000 	C:\Program Files\Java\jdk-17.0.1\bin\VCRUNTIME140.dll
0x00007ffa24b10000 - 0x00007ffa24b28000 	C:\Program Files\Java\jdk-17.0.1\bin\jli.dll
0x00007ffa37a40000 - 0x00007ffa37aec000 	C:\Windows\System32\ADVAPI32.dll
0x00007ffa38250000 - 0x00007ffa382ee000 	C:\Windows\System32\msvcrt.dll
0x00007ffa36580000 - 0x00007ffa3661b000 	C:\Windows\System32\sechost.dll
0x00007ffa37640000 - 0x00007ffa3776a000 	C:\Windows\System32\RPCRT4.dll
0x00007ffa37490000 - 0x00007ffa37631000 	C:\Windows\System32\USER32.dll
0x00007ffa27f30000 - 0x00007ffa281ca000 	C:\Windows\WinSxS\amd64_microsoft.windows.common-controls_6595b64144ccf1df_6.0.19041.1110_none_60b5254171f9507e\COMCTL32.dll
0x00007ffa35f60000 - 0x00007ffa35f82000 	C:\Windows\System32\win32u.dll
0x00007ffa36380000 - 0x00007ffa363ab000 	C:\Windows\System32\GDI32.dll
0x00007ffa35f90000 - 0x00007ffa3609b000 	C:\Windows\System32\gdi32full.dll
0x00007ffa35a50000 - 0x00007ffa35aed000 	C:\Windows\System32\msvcp_win.dll
0x00007ffa2a3c0000 - 0x00007ffa2a3ca000 	C:\Windows\SYSTEM32\VERSION.dll
0x00007ffa36e80000 - 0x00007ffa36eb0000 	C:\Windows\System32\IMM32.DLL
0x00007ffa31760000 - 0x00007ffa3176c000 	C:\Program Files\Java\jdk-17.0.1\bin\vcruntime140_1.dll
0x00007ffa2e530000 - 0x00007ffa2e5bd000 	C:\Program Files\Java\jdk-17.0.1\bin\msvcp140.dll
0x00007ff9f4880000 - 0x00007ff9f543e000 	C:\Program Files\Java\jdk-17.0.1\bin\server\jvm.dll
0x00007ffa367d0000 - 0x00007ffa367d8000 	C:\Windows\System32\PSAPI.DLL
0x00007ffa31770000 - 0x00007ffa31779000 	C:\Windows\SYSTEM32\WSOCK32.dll
0x00007ffa228d0000 - 0x00007ffa228f7000 	C:\Windows\SYSTEM32\WINMM.dll
0x00007ffa367e0000 - 0x00007ffa3684b000 	C:\Windows\System32\WS2_32.dll
0x00007ffa33970000 - 0x00007ffa33982000 	C:\Windows\SYSTEM32\kernel.appcore.dll
0x00007ffa31540000 - 0x00007ffa3154a000 	C:\Program Files\Java\jdk-17.0.1\bin\jimage.dll
0x00007ffa260c0000 - 0x00007ffa262a4000 	C:\Windows\SYSTEM32\DBGHELP.DLL
0x00007ffa26090000 - 0x00007ffa260bc000 	C:\Windows\SYSTEM32\dbgcore.DLL
0x00007ffa35ba0000 - 0x00007ffa35c23000 	C:\Windows\System32\bcryptPrimitives.dll
0x00007ffa2f730000 - 0x00007ffa2f755000 	C:\Program Files\Java\jdk-17.0.1\bin\java.dll
0x00007ffa088a0000 - 0x00007ffa08976000 	C:\Program Files\Java\jdk-17.0.1\bin\svml.dll
0x00007ffa37b10000 - 0x00007ffa3824f000 	C:\Windows\System32\SHELL32.dll
0x00007ffa33b70000 - 0x00007ffa34300000 	C:\Windows\SYSTEM32\windows.storage.dll
0x00007ffa37130000 - 0x00007ffa37485000 	C:\Windows\System32\combase.dll
0x00007ffa35430000 - 0x00007ffa3545e000 	C:\Windows\SYSTEM32\Wldp.dll
0x00007ffa363b0000 - 0x00007ffa3645d000 	C:\Windows\System32\SHCORE.dll
0x00007ffa36d30000 - 0x00007ffa36d85000 	C:\Windows\System32\shlwapi.dll
0x00007ffa35990000 - 0x00007ffa359af000 	C:\Windows\SYSTEM32\profapi.dll
0x00007ffa2f710000 - 0x00007ffa2f729000 	C:\Program Files\Java\jdk-17.0.1\bin\net.dll
0x00007ffa2a910000 - 0x00007ffa2aa1c000 	C:\Windows\SYSTEM32\WINHTTP.dll
0x00007ffa35190000 - 0x00007ffa351fa000 	C:\Windows\system32\mswsock.dll
0x00007ffa2f6f0000 - 0x00007ffa2f705000 	C:\Program Files\Java\jdk-17.0.1\bin\nio.dll
0x00007ffa2ea60000 - 0x00007ffa2ea78000 	C:\Program Files\Java\jdk-17.0.1\bin\zip.dll
0x00007ffa314c0000 - 0x00007ffa314d0000 	C:\Program Files\Java\jdk-17.0.1\bin\verify.dll
0x00007ffa2e630000 - 0x00007ffa2e63a000 	C:\Program Files\NetBeans-12.5\netbeans\java\maven\lib\jansi-native\windows64\jansi.dll

dbghelp: loaded successfully - version: 4.0.5 - missing functions: none
symbol engine: initialized successfully - sym options: 0x614 - pdb path: .;C:\Program Files\Java\jdk-17.0.1\bin;C:\Windows\SYSTEM32;C:\Windows\WinSxS\amd64_microsoft.windows.common-controls_6595b64144ccf1df_6.0.19041.1110_none_60b5254171f9507e;C:\Program Files\Java\jdk-17.0.1\bin\server;C:\Program Files\NetBeans-12.5\netbeans\java\maven\lib\jansi-native\windows64

VM Arguments:
jvm_args: -Dclassworlds.conf=C:\Program Files\NetBeans-12.5\netbeans\java\maven\bin\..\bin\m2.conf -Dmaven.home=C:\Program Files\NetBeans-12.5\netbeans\java\maven\bin\.. -Dlibrary.jansi.path=C:\Program Files\NetBeans-12.5\netbeans\java\maven\bin\..\lib\jansi-native -Dmaven.multiModuleProjectDirectory=C:\Users\alex_\Documents\NetBeansProjects\POO\mavenproject1 
java_command: org.codehaus.plexus.classworlds.launcher.Launcher -Dexec.vmArgs= -Dexec.args=${exec.vmArgs} -classpath %classpath ${exec.mainClass} ${exec.appArgs} -Dexec.appArgs= -Dexec.mainClass=Main.main -Dexec.executable=C:\Program Files\Java\jdk-17.0.1\bin\java.exe -Dmaven.ext.class.path=C:\Program Files\NetBeans-12.5\netbeans\java\maven-nblib\netbeans-eventspy.jar -Dfile.encoding=UTF-8 org.codehaus.mojo:exec-maven-plugin:3.0.0:exec
java_class_path (initial): C:\Program Files\NetBeans-12.5\netbeans\java\maven\bin\..\boot\plexus-classworlds-2.6.0.jar
Launcher Type: SUN_STANDARD

[Global flags]
     intx CICompilerCount                          = 4                                         {product} {ergonomic}
     uint ConcGCThreads                            = 2                                         {product} {ergonomic}
     uint G1ConcRefinementThreads                  = 8                                         {product} {ergonomic}
   size_t G1HeapRegionSize                         = 1048576                                   {product} {ergonomic}
    uintx GCDrainStackTargetSize                   = 64                                        {product} {ergonomic}
   size_t InitialHeapSize                          = 134217728                                 {product} {ergonomic}
   size_t MarkStackSize                            = 4194304                                   {product} {ergonomic}
   size_t MaxHeapSize                              = 2122317824                                {product} {ergonomic}
   size_t MaxNewSize                               = 1272971264                                {product} {ergonomic}
   size_t MinHeapDeltaBytes                        = 1048576                                   {product} {ergonomic}
   size_t MinHeapSize                              = 8388608                                   {product} {ergonomic}
    uintx NonNMethodCodeHeapSize                   = 5839372                                {pd product} {ergonomic}
    uintx NonProfiledCodeHeapSize                  = 122909434                              {pd product} {ergonomic}
    uintx ProfiledCodeHeapSize                     = 122909434                              {pd product} {ergonomic}
    uintx ReservedCodeCacheSize                    = 251658240                              {pd product} {ergonomic}
     bool SegmentedCodeCache                       = true                                      {product} {ergonomic}
   size_t SoftMaxHeapSize                          = 2122317824                             {manageable} {ergonomic}
     bool UseCompressedClassPointers               = true                           {product lp64_product} {ergonomic}
     bool UseCompressedOops                        = true                           {product lp64_product} {ergonomic}
     bool UseG1GC                                  = true                                      {product} {ergonomic}
     bool UseLargePagesIndividualAllocation        = false                                  {pd product} {ergonomic}

Logging:
Log output configuration:
 #0: stdout all=warning uptime,level,tags
 #1: stderr all=off uptime,level,tags

Environment Variables:
JAVA_HOME=C:\Program Files\Java\jdk-17.0.1
PATH=C:\Program Files\Common Files\Oracle\Java\javapath;C:\ProgramData\Oracle\Java\javapath;C:\Windows\system32;C:\Windows;C:\Windows\System32\Wbem;C:\Windows\System32\WindowsPowerShell\v1.0\;C:\Windows\System32\OpenSSH\;C:\Program Files\Git\cmd;C:\Users\alex_\AppData\Local\Microsoft\WindowsApps;C:\Users\alex_\AppData\Local\GitHubDesktop\bin
USERNAME=alex_
OS=Windows_NT
PROCESSOR_IDENTIFIER=Intel64 Family 6 Model 58 Stepping 9, GenuineIntel



---------------  S Y S T E M  ---------------

OS:
 Windows 10 , 64 bit Build 19041 (10.0.19041.1348)
OS uptime: 1 days 3:59 hours

CPU: total 8 (initial active 8) (4 cores per cpu, 2 threads per core) family 6 model 58 stepping 9 microcode 0x21, cx8, cmov, fxsr, ht, mmx, sse, sse2, sse3, ssse3, sse4.1, sse4.2, popcnt, tsc, tscinvbit, avx, aes, erms, clmul, vzeroupper, clflush

Memory: 4k page, system-wide physical 8090M (1770M free)
TotalPageFile size 11869M (AvailPageFile size 2579M)
current process WorkingSet (physical memory assigned to process): 110M, peak: 128M
current process commit charge ("private bytes"): 237M, peak: 255M

vm_info: Java HotSpot(TM) 64-Bit Server VM (17.0.1+12-LTS-39) for windows-amd64 JRE (17.0.1+12-LTS-39), built on Sep 27 2021 18:41:35 by "mach5one" with MS VC++ 16.8 (VS2019)

END.
